user login|name admin admin|-|2017-05-17 16:27:28
zxc|-|2017-05-17 16:27:29
conf -lasd|-|2017-05-17 16:27:43
|-|2017-05-17 16:30:44
<span class="command-echo">command Eco：&gt;</span>&nbsp;暂无该命令行扩展 - |-|2017-05-17 16:30:46
|-|2017-05-17 16:30:56
<span class="command-echo">command Eco：&gt;</span>&nbsp;暂无该命令行扩展 - |-|2017-05-17 16:30:57
|-|2017-05-17 16:31:07
<span class="command-echo">command Eco：&gt;</span>&nbsp;暂无该命令行扩展 - |-|2017-05-17 16:31:07
asd|-|2017-05-17 16:31:14
asd|-|2017-05-17 16:31:24
asd|-|2017-05-17 16:31:33
asd|-|2017-05-17 16:31:44
|-|2017-05-17 16:32:20
<span class="command-echo">command Eco：&gt;</span>&nbsp;暂无该命令行扩展 - |-|2017-05-17 16:32:21
|-|2017-05-17 16:32:38
|-|2017-05-17 16:32:49
asd|-|2017-05-17 16:32:52
|-|2017-05-17 16:33:06
conf -asd|-|2017-05-17 16:33:22
conf -l|-|2017-05-17 16:33:25
conf-asd|-|2017-05-17 16:35:22
conf -asd|-|2017-05-17 16:35:25
阿萨|-|2017-05-17 16:39:38
阿萨阿萨德|-|2017-05-17 16:39:39
