user log|-|2017-05-08 19:19:09
user log|-|2017-05-08 19:19:11
user log|-|2017-05-08 19:19:17
user log|-|2017-05-08 19:20:26
user log|-|2017-05-08 19:20:38
user log|-|2017-05-08 19:20:57
user log|-|2017-05-08 19:21:44
<span class="command-line" contenteditable="false">command line：&gt;</span>user log 123&nbsp;|-|2017-05-08 19:22:45
user log 123|-|2017-05-08 19:22:49
user log 123|-|2017-05-08 19:23:02
user log|-|2017-05-08 19:23:16
user log|-|2017-05-08 19:23:38
user login|name admin admin|-|2017-05-10 11:23:36
conf -l|-|2017-05-10 11:23:39
conf upd DB_NAME test|-|2017-05-10 11:23:52
conf upd DB_USER root|-|2017-05-10 11:23:58
conf upd DB_PWD root|-|2017-05-10 11:24:06
conf -l|-|2017-05-10 11:24:11
|-|2017-05-10 11:40:43
user exit|-|2017-05-10 11:40:47
user login|name admin admin|-|2017-05-10 11:40:59
|-|2017-05-10 13:51:01
user exit|-|2017-05-10 13:51:05
user login|name admin admin|-|2017-05-10 13:51:09
php -m|-|2017-05-10 13:56:36
php -l|-|2017-05-10 13:56:43
|-|2017-05-10 15:41:41
my -b|-|2017-05-10 15:41:44
my -b|-|2017-05-10 15:41:44
my -b|-|2017-05-10 15:41:45
my -b|-|2017-05-10 15:41:45
my -b|-|2017-05-10 15:41:45
my -b|-|2017-05-10 15:41:45
my -b|-|2017-05-10 15:41:45
my -b|-|2017-05-10 15:41:46
my -b|-|2017-05-10 15:41:51
my -b|-|2017-05-10 15:41:51
my -b|-|2017-05-10 15:41:56
my -b|-|2017-05-10 15:42:18
|-|2017-05-10 15:42:18
|-|2017-05-10 15:42:18
my -b|-|2017-05-10 15:42:24
my -b|-|2017-05-10 15:42:31
my -b|-|2017-05-10 15:42:37
my -b|-|2017-05-10 15:42:56
my -b|-|2017-05-10 15:43:02
my -b|-|2017-05-10 15:43:11
my -b|-|2017-05-10 15:43:13
my -b|-|2017-05-10 15:43:37
my -b|-|2017-05-10 15:43:44
my -b|-|2017-05-10 15:43:56
my -b&nbsp;|-|2017-05-10 15:44:13
my -b 123|-|2017-05-10 15:44:18
my -b|-|2017-05-10 15:45:54
my -b|-|2017-05-10 15:46:03
my -b|-|2017-05-10 15:46:17
my -b|-|2017-05-10 15:46:25
my -b|-|2017-05-10 15:47:16
conf -l|-|2017-05-10 15:47:45
my -b|-|2017-05-10 15:48:18
my -b|-|2017-05-10 15:48:27
my -g|-|2017-05-10 15:48:44
my -b|-|2017-05-10 15:48:49
my -b|-|2017-05-10 15:49:39
my -b|-|2017-05-10 15:49:43
my -b|-|2017-05-10 15:49:59
my -b|-|2017-05-10 15:50:18
my -b|-|2017-05-10 15:51:05
my -b|-|2017-05-10 15:51:21
my -b|-|2017-05-10 15:51:38
my -b|-|2017-05-10 15:51:50
my -x select * from test|-|2017-05-10 15:52:13
my -b|-|2017-05-10 15:55:05
my -b|-|2017-05-10 15:55:34
my -b|-|2017-05-10 15:56:07
my -b|-|2017-05-10 15:56:09
my -b|-|2017-05-10 15:56:10
my -b|-|2017-05-10 15:56:10
my -b|-|2017-05-10 15:56:10
my -b|-|2017-05-10 15:56:11
my -b|-|2017-05-10 15:56:11
my -b|-|2017-05-10 15:56:27
my -b|-|2017-05-10 15:56:44
my -b|-|2017-05-10 15:56:50
my -b|-|2017-05-10 15:57:07
my -b|-|2017-05-10 15:58:07
my -b|-|2017-05-10 15:58:36
my -b|-|2017-05-10 15:58:40
my -b|-|2017-05-10 15:58:56
my -b|-|2017-05-10 16:01:47
my -b 1024|-|2017-05-10 16:18:51
my -b 1024|-|2017-05-10 16:19:15
my -b 1024&nbsp;|-|2017-05-10 16:19:21
my -b 1024&nbsp;|-|2017-05-10 16:19:50
my -b test 1024|-|2017-05-10 16:19:58
my -b test|-|2017-05-10 16:20:07
my -b test|-|2017-05-10 16:20:32
my -b test|-|2017-05-10 16:20:34
my -b test|-|2017-05-10 16:21:31
my -b 10|-|2017-05-10 16:21:53
my -b 12|-|2017-05-10 16:23:41
my -b 123|-|2017-05-10 16:23:54
my -b 1|-|2017-05-10 16:24:12
my -b test 1|-|2017-05-10 16:24:27
my -b test 1|-|2017-05-10 16:24:41
my -b|-|2017-05-10 16:25:42
my -b|-|2017-05-10 16:29:48
my -b|-|2017-05-10 16:30:25
|-|2017-05-10 17:00:31
my -b|-|2017-05-10 17:00:36
my -i&nbsp;20170510170036_all_v1.sql|-|2017-05-10 17:12:44
my -i|-|2017-05-10 17:12:49
my -i&nbsp;20170510170036_all_v1.sql|-|2017-05-10 17:12:59
my -i 20170510170036_all_v1.sql|-|2017-05-10 17:13:17
my -i 20170510170036_all_v1.sql|-|2017-05-10 17:13:32
my -i 20170510170036_all_v1.sql|-|2017-05-10 17:14:24
my -i 20170510170036_all_v1.sql|-|2017-05-10 17:18:35
my -i 20170510170036_all_v1.sql|-|2017-05-10 17:19:02
my -i 20170510170036_all_v1.sql|-|2017-05-10 17:19:25
my -i 20170510170036_all_v1.sql|-|2017-05-10 17:20:00
my -i 20170510170036_all_v1.sql|-|2017-05-10 17:20:41
my -i 20170510170036_all_v1.sql|-|2017-05-10 17:21:50
my -i 20170510170036_all_v1.sql|-|2017-05-10 17:22:07
my -i 20170510170036_all_v1.sql|-|2017-05-10 17:22:40
my -i 20170510170036_all_v1.sql|-|2017-05-10 17:23:09
my -i 20170510170036_all_v1.sql|-|2017-05-10 17:27:18
mk -l config/|-|2017-05-10 17:35:49
mk -l cmd/cofing/|-|2017-05-10 17:36:01
conf -l|-|2017-05-10 17:36:11
conf -l juncmd/|-|2017-05-10 17:36:27
mk -l juncmd/|-|2017-05-10 17:36:36
mk -ll cmd|-|2017-05-10 17:37:14
mk -ll cmd|-|2017-05-10 17:37:16
mk -ll cmd/|-|2017-05-10 17:37:43
mk -l cmd/|-|2017-05-10 17:37:52
mk -l cmd/config/|-|2017-05-10 17:38:02
mk - cmd/config/mysql_back/|-|2017-05-10 17:38:15
mk -l cmd/config/mysql_back/|-|2017-05-10 17:38:28
|-|2017-05-10 17:41:04
|-|2017-05-10 17:52:09
user exit|-|2017-05-10 17:52:14
user login|name admin admin|-|2017-05-10 18:49:39
my -z&nbsp;20170510170036_all_v1.sql|-|2017-05-10 18:49:57
my -z 20170510170036.all.v1.sql|-|2017-05-10 18:50:14
my -z 20170510170036_all_v1.sql|-|2017-05-10 18:50:28
my -z 20170510170036_all_v1.sql|-|2017-05-10 18:51:14
my -z 20170510170036_all_v1.sql|-|2017-05-10 18:51:56
my -z 20170510170036_all_v1.sql|-|2017-05-10 18:52:23
my -z 20170510170036_all_v1.sql|-|2017-05-10 18:52:53
my -z 20170510170036_all_v1.sql|-|2017-05-10 18:52:54
my -z 20170510170036_all_v1.sql|-|2017-05-10 18:52:55
my -z 20170510170036_all_v1.sql|-|2017-05-10 18:54:13
my -z 20170510170036_all_v1.sql|-|2017-05-10 18:57:10
my -z 20170510170036_all_v1.sql|-|2017-05-10 18:58:45
my -z 20170510170036_all_v1.sql|-|2017-05-10 18:59:02
my -z 20170510170036_all_v1.sql|-|2017-05-10 18:59:21
my -z 20170510170036_all_v1.sql|-|2017-05-10 19:01:49
my -z 20170510170036_all_v1.sql|-|2017-05-10 19:02:06
my -b|-|2017-05-10 19:02:30
my -z 20170510190230_all_v1.sql|-|2017-05-10 19:08:54
my -z 20170510190230_all_v1.sql|-|2017-05-10 19:15:06
my -z 20170510190230_all_v1.sql|-|2017-05-10 19:15:37
my -z 20170510190230_all_v1.sql|-|2017-05-10 19:17:58
my -z 20170510190230_all_v1.sql|-|2017-05-10 19:18:08
my -z 20170510190230_all_v1.sql|-|2017-05-10 19:18:18
my -z 20170510190230_all_v1.sql|-|2017-05-10 19:18:28
my -z 20170510190230_all_v1.sql|-|2017-05-10 19:18:49
my -z 20170510190230_all_v1.sql|-|2017-05-10 19:19:39
my -z 20170510190230_all_v1.sql|-|2017-05-10 19:24:29
my -z 20170510190230_all_v1.sql|-|2017-05-10 19:25:11
my -z 20170510190230_all_v1.sql|-|2017-05-10 19:25:57
my -z 20170510190230_all_v1.sql|-|2017-05-10 19:26:30
my -z 20170510190230_all_v1.sql|-|2017-05-10 19:26:48
my -z 20170510190230_all_v1.sql|-|2017-05-10 19:28:41
my -z 20170510190230_all_v1.sql|-|2017-05-10 19:28:58
my -z 20170510190230_all_v1.sql|-|2017-05-10 19:36:56
my -z 20170510190230_all_v1.sql|-|2017-05-10 19:37:26
my -z&nbsp;20170510190230_all_v1.sql|-|2017-05-10 19:38:25
my -z 20170510190230_all_v1.sql|-|2017-05-10 19:38:41
my -z&nbsp;20170510190230_all_v1.sql|-|2017-05-10 19:43:27
my -z 20170510190230_all_v1.sql|-|2017-05-10 19:43:45
my -z 20170510190230_all_v1.sql true|-|2017-05-10 19:43:51
