|-|2017-08-14 11:58:50
conf -l|-|2017-08-14 11:59:03
cd /|-|2017-08-14 11:59:07
cd index.html|-|2017-08-14 11:59:10
cd index.html|-|2017-08-14 11:59:19
mk -l|-|2017-08-14 13:31:21
ml -ll|-|2017-08-14 13:31:25
mk -ll|-|2017-08-14 13:31:31
cd -ls|-|2017-08-14 13:40:28
cd -ls|-|2017-08-14 13:41:12
cd -ls|-|2017-08-14 13:42:13
cd -ls|-|2017-08-14 13:43:41
cd -ls|-|2017-08-14 13:43:56
cd -ls|-|2017-08-14 13:44:15
cd -ls|-|2017-08-14 13:45:27
cd -ls|-|2017-08-14 13:45:45
cd -ls|-|2017-08-14 13:46:13
cd -ls|-|2017-08-14 13:50:52
cd -ls|-|2017-08-14 13:51:07
cd /|-|2017-08-14 13:51:12
cd -ls|-|2017-08-14 13:51:14
cd cmd|-|2017-08-14 13:51:20
cd -ls|-|2017-08-14 13:51:22
cd -ls|-|2017-08-14 13:52:52
cd -ls|-|2017-08-14 13:53:05
cd -ls|-|2017-08-14 13:54:16
cd -ls|-|2017-08-14 13:54:33
cd -ls|-|2017-08-14 13:55:59
cd -ls|-|2017-08-14 14:02:43
cd -ls|-|2017-08-14 14:03:06
cd -ls|-|2017-08-14 14:03:32
cd -ls|-|2017-08-14 14:03:51
cd -ls|-|2017-08-14 14:04:01
cd -ls|-|2017-08-14 14:04:20
cd -ls|-|2017-08-14 14:04:41
cd -ls|-|2017-08-14 14:05:52
cd -ls|-|2017-08-14 14:06:45
cd -ls|-|2017-08-14 14:07:44
cd -ls|-|2017-08-14 14:08:15
cd -ls|-|2017-08-14 14:09:40
cd -ls|-|2017-08-14 14:12:19
cd /|-|2017-08-14 14:12:25
cd -ls|-|2017-08-14 14:12:27
cd cmd|-|2017-08-14 14:12:33
cd -ls|-|2017-08-14 14:13:02
cd -ls|-|2017-08-14 14:13:27
cd -ls|-|2017-08-14 14:15:13
cd -ls|-|2017-08-14 14:15:24
cd -ls|-|2017-08-14 14:15:46
cd -ls|-|2017-08-14 14:17:36
cd -ls|-|2017-08-14 14:18:55
cd -ls|-|2017-08-14 14:20:05
cd -ls|-|2017-08-14 14:21:39
cd -ls|-|2017-08-14 14:22:14
cd -ls|-|2017-08-14 14:24:35
cd -ls|-|2017-08-14 14:25:11
cd -ls|-|2017-08-14 14:25:48
cd -ls|-|2017-08-14 14:26:07
cd -ls|-|2017-08-14 14:26:23
cd -ls|-|2017-08-14 14:28:03
